::1 - - [31/Aug/2020:13:18:40 +0000] "GET / HTTP/1.1" 200 2765 "-" "Mozilla/5.0 (Macintosh; Intel Mac OS X 10_15_5) AppleWebKit/537.36 (KHTML, like Gecko) Chrome/84.0.4147.135 Safari/537.36"
::1 - - [31/Aug/2020:13:19:34 +0000] "GET /users/sign-in HTTP/1.1" 304 - "http://localhost:9000/" "Mozilla/5.0 (Macintosh; Intel Mac OS X 10_15_5) AppleWebKit/537.36 (KHTML, like Gecko) Chrome/84.0.4147.135 Safari/537.36"
::1 - - [31/Aug/2020:13:19:40 +0000] "POST /users/create-session HTTP/1.1" 302 46 "http://localhost:9000/users/sign-in" "Mozilla/5.0 (Macintosh; Intel Mac OS X 10_15_5) AppleWebKit/537.36 (KHTML, like Gecko) Chrome/84.0.4147.135 Safari/537.36"
::1 - - [31/Aug/2020:13:19:40 +0000] "GET / HTTP/1.1" 200 3929 "http://localhost:9000/users/sign-in" "Mozilla/5.0 (Macintosh; Intel Mac OS X 10_15_5) AppleWebKit/537.36 (KHTML, like Gecko) Chrome/84.0.4147.135 Safari/537.36"
::1 - - [31/Aug/2020:13:19:52 +0000] "POST /posts/create HTTP/1.1" 200 256 "http://localhost:9000/" "Mozilla/5.0 (Macintosh; Intel Mac OS X 10_15_5) AppleWebKit/537.36 (KHTML, like Gecko) Chrome/84.0.4147.135 Safari/537.36"
::1 - - [31/Aug/2020:13:20:10 +0000] "POST /comments/create HTTP/1.1" 302 46 "http://localhost:9000/" "Mozilla/5.0 (Macintosh; Intel Mac OS X 10_15_5) AppleWebKit/537.36 (KHTML, like Gecko) Chrome/84.0.4147.135 Safari/537.36"
::1 - - [31/Aug/2020:13:20:10 +0000] "GET / HTTP/1.1" 200 6215 "http://localhost:9000/" "Mozilla/5.0 (Macintosh; Intel Mac OS X 10_15_5) AppleWebKit/537.36 (KHTML, like Gecko) Chrome/84.0.4147.135 Safari/537.36"
::1 - - [01/Dec/2020:17:38:34 +0000] "GET / HTTP/1.1" 200 4216 "-" "Mozilla/5.0 (Macintosh; Intel Mac OS X 10_15_7) AppleWebKit/537.36 (KHTML, like Gecko) Chrome/86.0.4240.198 Safari/537.36"
::1 - - [01/Dec/2020:17:38:35 +0000] "GET /favicon.ico HTTP/1.1" 404 150 "http://localhost:9000/" "Mozilla/5.0 (Macintosh; Intel Mac OS X 10_15_7) AppleWebKit/537.36 (KHTML, like Gecko) Chrome/86.0.4240.198 Safari/537.36"
::1 - - [01/Dec/2020:17:38:46 +0000] "GET /users/sign-up HTTP/1.1" 200 2732 "http://localhost:9000/" "Mozilla/5.0 (Macintosh; Intel Mac OS X 10_15_7) AppleWebKit/537.36 (KHTML, like Gecko) Chrome/86.0.4240.198 Safari/537.36"
::1 - - [01/Dec/2020:17:38:50 +0000] "GET /users/auth/google HTTP/1.1" 302 0 "http://localhost:9000/users/sign-up" "Mozilla/5.0 (Macintosh; Intel Mac OS X 10_15_7) AppleWebKit/537.36 (KHTML, like Gecko) Chrome/86.0.4240.198 Safari/537.36"
::1 - - [01/Dec/2020:17:39:07 +0000] "GET /users/sign-in HTTP/1.1" 200 3582 "http://localhost:9000/users/sign-up" "Mozilla/5.0 (Macintosh; Intel Mac OS X 10_15_7) AppleWebKit/537.36 (KHTML, like Gecko) Chrome/86.0.4240.198 Safari/537.36"
::1 - - [01/Dec/2020:17:39:09 +0000] "GET /users/auth/google HTTP/1.1" 302 0 "http://localhost:9000/users/sign-in" "Mozilla/5.0 (Macintosh; Intel Mac OS X 10_15_7) AppleWebKit/537.36 (KHTML, like Gecko) Chrome/86.0.4240.198 Safari/537.36"
::1 - - [01/Dec/2020:17:39:21 +0000] "GET /users/auth/google HTTP/1.1" 302 0 "http://localhost:9000/users/sign-in" "Mozilla/5.0 (Macintosh; Intel Mac OS X 10_15_7) AppleWebKit/537.36 (KHTML, like Gecko) Chrome/86.0.4240.198 Safari/537.36"
::1 - - [01/Dec/2020:17:39:26 +0000] "GET /users/reset-password HTTP/1.1" 200 1961 "http://localhost:9000/users/sign-in" "Mozilla/5.0 (Macintosh; Intel Mac OS X 10_15_7) AppleWebKit/537.36 (KHTML, like Gecko) Chrome/86.0.4240.198 Safari/537.36"
::1 - - [01/Dec/2020:17:39:41 +0000] "POST /users/generate-token HTTP/1.1" 302 72 "http://localhost:9000/users/reset-password" "Mozilla/5.0 (Macintosh; Intel Mac OS X 10_15_7) AppleWebKit/537.36 (KHTML, like Gecko) Chrome/86.0.4240.198 Safari/537.36"
::1 - - [01/Dec/2020:17:39:41 +0000] "GET /users/sign-in HTTP/1.1" 304 - "http://localhost:9000/users/reset-password" "Mozilla/5.0 (Macintosh; Intel Mac OS X 10_15_7) AppleWebKit/537.36 (KHTML, like Gecko) Chrome/86.0.4240.198 Safari/537.36"
::1 - - [01/Dec/2020:17:39:46 +0000] "GET /users/sign-up HTTP/1.1" 304 - "http://localhost:9000/users/sign-in" "Mozilla/5.0 (Macintosh; Intel Mac OS X 10_15_7) AppleWebKit/537.36 (KHTML, like Gecko) Chrome/86.0.4240.198 Safari/537.36"
::1 - - [01/Dec/2020:17:41:01 +0000] "POST /users/create HTTP/1.1" 302 114 "http://localhost:9000/users/sign-up" "Mozilla/5.0 (Macintosh; Intel Mac OS X 10_15_7) AppleWebKit/537.36 (KHTML, like Gecko) Chrome/86.0.4240.198 Safari/537.36"
::1 - - [01/Dec/2020:17:41:01 +0000] "GET /users/sign-up HTTP/1.1" 304 - "http://localhost:9000/users/sign-up" "Mozilla/5.0 (Macintosh; Intel Mac OS X 10_15_7) AppleWebKit/537.36 (KHTML, like Gecko) Chrome/86.0.4240.198 Safari/537.36"
::1 - - [01/Dec/2020:17:41:04 +0000] "GET /users/sign-in HTTP/1.1" 304 - "http://localhost:9000/users/sign-up" "Mozilla/5.0 (Macintosh; Intel Mac OS X 10_15_7) AppleWebKit/537.36 (KHTML, like Gecko) Chrome/86.0.4240.198 Safari/537.36"
::1 - - [01/Dec/2020:17:41:09 +0000] "POST /users/create-session HTTP/1.1" 302 46 "http://localhost:9000/users/sign-in" "Mozilla/5.0 (Macintosh; Intel Mac OS X 10_15_7) AppleWebKit/537.36 (KHTML, like Gecko) Chrome/86.0.4240.198 Safari/537.36"
::1 - - [01/Dec/2020:17:41:09 +0000] "GET / HTTP/1.1" 200 6218 "http://localhost:9000/users/sign-in" "Mozilla/5.0 (Macintosh; Intel Mac OS X 10_15_7) AppleWebKit/537.36 (KHTML, like Gecko) Chrome/86.0.4240.198 Safari/537.36"
::1 - - [01/Dec/2020:17:41:14 +0000] "GET /users/profile/5f4bc32fb7a88539dc454687 HTTP/1.1" 200 2322 "http://localhost:9000/" "Mozilla/5.0 (Macintosh; Intel Mac OS X 10_15_7) AppleWebKit/537.36 (KHTML, like Gecko) Chrome/86.0.4240.198 Safari/537.36"
::1 - - [01/Dec/2020:17:41:17 +0000] "GET /users/profile/5f4bc32fb7a88539dc454687 HTTP/1.1" 304 - "http://localhost:9000/users/profile/5f4bc32fb7a88539dc454687" "Mozilla/5.0 (Macintosh; Intel Mac OS X 10_15_7) AppleWebKit/537.36 (KHTML, like Gecko) Chrome/86.0.4240.198 Safari/537.36"
::1 - - [01/Dec/2020:17:41:19 +0000] "GET / HTTP/1.1" 200 5955 "http://localhost:9000/users/profile/5f4bc32fb7a88539dc454687" "Mozilla/5.0 (Macintosh; Intel Mac OS X 10_15_7) AppleWebKit/537.36 (KHTML, like Gecko) Chrome/86.0.4240.198 Safari/537.36"
::1 - - [01/Dec/2020:17:41:22 +0000] "GET /users/profile/5f4bc32fb7a88539dc454687 HTTP/1.1" 304 - "http://localhost:9000/" "Mozilla/5.0 (Macintosh; Intel Mac OS X 10_15_7) AppleWebKit/537.36 (KHTML, like Gecko) Chrome/86.0.4240.198 Safari/537.36"
::1 - - [01/Dec/2020:17:41:37 +0000] "POST /users/update/5f4bc32fb7a88539dc454687 HTTP/1.1" 302 164 "http://localhost:9000/users/profile/5f4bc32fb7a88539dc454687" "Mozilla/5.0 (Macintosh; Intel Mac OS X 10_15_7) AppleWebKit/537.36 (KHTML, like Gecko) Chrome/86.0.4240.198 Safari/537.36"
::1 - - [01/Dec/2020:17:41:37 +0000] "GET /users/profile/5f4bc32fb7a88539dc454687 HTTP/1.1" 200 2365 "http://localhost:9000/users/profile/5f4bc32fb7a88539dc454687" "Mozilla/5.0 (Macintosh; Intel Mac OS X 10_15_7) AppleWebKit/537.36 (KHTML, like Gecko) Chrome/86.0.4240.198 Safari/537.36"
::1 - - [01/Dec/2020:17:41:39 +0000] "POST /users/update/5f4bc32fb7a88539dc454687 HTTP/1.1" 302 164 "http://localhost:9000/users/profile/5f4bc32fb7a88539dc454687" "Mozilla/5.0 (Macintosh; Intel Mac OS X 10_15_7) AppleWebKit/537.36 (KHTML, like Gecko) Chrome/86.0.4240.198 Safari/537.36"
::1 - - [01/Dec/2020:17:41:39 +0000] "GET /users/profile/5f4bc32fb7a88539dc454687 HTTP/1.1" 304 - "http://localhost:9000/users/profile/5f4bc32fb7a88539dc454687" "Mozilla/5.0 (Macintosh; Intel Mac OS X 10_15_7) AppleWebKit/537.36 (KHTML, like Gecko) Chrome/86.0.4240.198 Safari/537.36"
::1 - - [01/Dec/2020:17:41:41 +0000] "GET / HTTP/1.1" 304 - "http://localhost:9000/users/profile/5f4bc32fb7a88539dc454687" "Mozilla/5.0 (Macintosh; Intel Mac OS X 10_15_7) AppleWebKit/537.36 (KHTML, like Gecko) Chrome/86.0.4240.198 Safari/537.36"
::1 - - [01/Dec/2020:17:41:43 +0000] "GET /users/profile/5f4bc32fb7a88539dc454687 HTTP/1.1" 304 - "http://localhost:9000/" "Mozilla/5.0 (Macintosh; Intel Mac OS X 10_15_7) AppleWebKit/537.36 (KHTML, like Gecko) Chrome/86.0.4240.198 Safari/537.36"
::1 - - [01/Dec/2020:17:41:44 +0000] "GET / HTTP/1.1" 304 - "http://localhost:9000/users/profile/5f4bc32fb7a88539dc454687" "Mozilla/5.0 (Macintosh; Intel Mac OS X 10_15_7) AppleWebKit/537.36 (KHTML, like Gecko) Chrome/86.0.4240.198 Safari/537.36"
::1 - - [01/Dec/2020:17:41:48 +0000] "GET /comments/destroy/5f4cf90ad2553253b4583994 HTTP/1.1" 302 88 "http://localhost:9000/" "Mozilla/5.0 (Macintosh; Intel Mac OS X 10_15_7) AppleWebKit/537.36 (KHTML, like Gecko) Chrome/86.0.4240.198 Safari/537.36"
::1 - - [01/Dec/2020:17:41:48 +0000] "GET / HTTP/1.1" 200 5129 "http://localhost:9000/" "Mozilla/5.0 (Macintosh; Intel Mac OS X 10_15_7) AppleWebKit/537.36 (KHTML, like Gecko) Chrome/86.0.4240.198 Safari/537.36"
::1 - - [01/Dec/2020:17:41:54 +0000] "POST /likes/toggle/?id=5f4cf8f7d2553253b4583993&type=Post HTTP/1.1" 200 58 "http://localhost:9000/" "Mozilla/5.0 (Macintosh; Intel Mac OS X 10_15_7) AppleWebKit/537.36 (KHTML, like Gecko) Chrome/86.0.4240.198 Safari/537.36"
::1 - - [01/Dec/2020:17:41:55 +0000] "POST /likes/toggle/?id=5f4cf8f7d2553253b4583993&type=Post HTTP/1.1" 200 57 "http://localhost:9000/" "Mozilla/5.0 (Macintosh; Intel Mac OS X 10_15_7) AppleWebKit/537.36 (KHTML, like Gecko) Chrome/86.0.4240.198 Safari/537.36"
::1 - - [01/Dec/2020:17:41:55 +0000] "POST /likes/toggle/?id=5f4cf8f7d2553253b4583993&type=Post HTTP/1.1" 200 58 "http://localhost:9000/" "Mozilla/5.0 (Macintosh; Intel Mac OS X 10_15_7) AppleWebKit/537.36 (KHTML, like Gecko) Chrome/86.0.4240.198 Safari/537.36"
::1 - - [01/Dec/2020:17:42:00 +0000] "POST /comments/create HTTP/1.1" 302 46 "http://localhost:9000/" "Mozilla/5.0 (Macintosh; Intel Mac OS X 10_15_7) AppleWebKit/537.36 (KHTML, like Gecko) Chrome/86.0.4240.198 Safari/537.36"
::1 - - [01/Dec/2020:17:42:00 +0000] "GET / HTTP/1.1" 200 6193 "http://localhost:9000/" "Mozilla/5.0 (Macintosh; Intel Mac OS X 10_15_7) AppleWebKit/537.36 (KHTML, like Gecko) Chrome/86.0.4240.198 Safari/537.36"
::1 - - [01/Dec/2020:17:42:10 +0000] "POST /likes/toggle/?id=5fc6806866786c5ae7e6bb4b&type=Comment HTTP/1.1" 200 58 "http://localhost:9000/" "Mozilla/5.0 (Macintosh; Intel Mac OS X 10_15_7) AppleWebKit/537.36 (KHTML, like Gecko) Chrome/86.0.4240.198 Safari/537.36"
::1 - - [01/Dec/2020:17:42:11 +0000] "POST /likes/toggle/?id=5fc6806866786c5ae7e6bb4b&type=Comment HTTP/1.1" 200 57 "http://localhost:9000/" "Mozilla/5.0 (Macintosh; Intel Mac OS X 10_15_7) AppleWebKit/537.36 (KHTML, like Gecko) Chrome/86.0.4240.198 Safari/537.36"
::1 - - [01/Dec/2020:17:42:12 +0000] "GET /comments/destroy/5fc6806866786c5ae7e6bb4b HTTP/1.1" 302 88 "http://localhost:9000/" "Mozilla/5.0 (Macintosh; Intel Mac OS X 10_15_7) AppleWebKit/537.36 (KHTML, like Gecko) Chrome/86.0.4240.198 Safari/537.36"
::1 - - [01/Dec/2020:17:42:12 +0000] "GET / HTTP/1.1" 200 5129 "http://localhost:9000/" "Mozilla/5.0 (Macintosh; Intel Mac OS X 10_15_7) AppleWebKit/537.36 (KHTML, like Gecko) Chrome/86.0.4240.198 Safari/537.36"
::1 - - [01/Dec/2020:17:42:43 +0000] "GET / HTTP/1.1" 200 4871 "http://localhost:9000/" "Mozilla/5.0 (Macintosh; Intel Mac OS X 10_15_7) AppleWebKit/537.36 (KHTML, like Gecko) Chrome/86.0.4240.198 Safari/537.36"
::1 - - [01/Dec/2020:17:42:52 +0000] "GET /users/log-out HTTP/1.1" 302 46 "http://localhost:9000/" "Mozilla/5.0 (Macintosh; Intel Mac OS X 10_15_7) AppleWebKit/537.36 (KHTML, like Gecko) Chrome/86.0.4240.198 Safari/537.36"
::1 - - [01/Dec/2020:17:42:52 +0000] "GET / HTTP/1.1" 200 3649 "http://localhost:9000/" "Mozilla/5.0 (Macintosh; Intel Mac OS X 10_15_7) AppleWebKit/537.36 (KHTML, like Gecko) Chrome/86.0.4240.198 Safari/537.36"
::1 - - [01/Dec/2020:17:42:57 +0000] "GET /users/profile/5f4bc32fb7a88539dc454687 HTTP/1.1" 302 72 "http://localhost:9000/" "Mozilla/5.0 (Macintosh; Intel Mac OS X 10_15_7) AppleWebKit/537.36 (KHTML, like Gecko) Chrome/86.0.4240.198 Safari/537.36"
::1 - - [01/Dec/2020:17:42:57 +0000] "GET /users/sign-in HTTP/1.1" 304 - "http://localhost:9000/" "Mozilla/5.0 (Macintosh; Intel Mac OS X 10_15_7) AppleWebKit/537.36 (KHTML, like Gecko) Chrome/86.0.4240.198 Safari/537.36"
::1 - - [01/Dec/2020:17:43:00 +0000] "GET /users/sign-in HTTP/1.1" 304 - "http://localhost:9000/users/sign-in" "Mozilla/5.0 (Macintosh; Intel Mac OS X 10_15_7) AppleWebKit/537.36 (KHTML, like Gecko) Chrome/86.0.4240.198 Safari/537.36"
::1 - - [01/Dec/2020:17:43:04 +0000] "GET / HTTP/1.1" 200 3388 "http://localhost:9000/users/sign-in" "Mozilla/5.0 (Macintosh; Intel Mac OS X 10_15_7) AppleWebKit/537.36 (KHTML, like Gecko) Chrome/86.0.4240.198 Safari/537.36"
