::1 - - [06/Dec/2020:15:18:31 +0000] "GET / HTTP/1.1" 200 3388 "-" "Mozilla/5.0 (Macintosh; Intel Mac OS X 10_15_7) AppleWebKit/537.36 (KHTML, like Gecko) Chrome/86.0.4240.198 Safari/537.36"
::1 - - [06/Dec/2020:15:18:32 +0000] "GET /favicon.ico HTTP/1.1" 404 150 "http://localhost:9000/" "Mozilla/5.0 (Macintosh; Intel Mac OS X 10_15_7) AppleWebKit/537.36 (KHTML, like Gecko) Chrome/86.0.4240.198 Safari/537.36"
::1 - - [06/Dec/2020:15:18:40 +0000] "GET /users/profile/5f4bc32fb7a88539dc454687 HTTP/1.1" 302 72 "http://localhost:9000/" "Mozilla/5.0 (Macintosh; Intel Mac OS X 10_15_7) AppleWebKit/537.36 (KHTML, like Gecko) Chrome/86.0.4240.198 Safari/537.36"
::1 - - [06/Dec/2020:15:18:40 +0000] "GET /users/sign-in HTTP/1.1" 200 3582 "http://localhost:9000/" "Mozilla/5.0 (Macintosh; Intel Mac OS X 10_15_7) AppleWebKit/537.36 (KHTML, like Gecko) Chrome/86.0.4240.198 Safari/537.36"
::1 - - [06/Dec/2020:15:18:54 +0000] "POST /users/create-session HTTP/1.1" 302 72 "http://localhost:9000/users/sign-in" "Mozilla/5.0 (Macintosh; Intel Mac OS X 10_15_7) AppleWebKit/537.36 (KHTML, like Gecko) Chrome/86.0.4240.198 Safari/537.36"
::1 - - [06/Dec/2020:15:18:54 +0000] "GET /users/sign-in HTTP/1.1" 200 3847 "http://localhost:9000/users/sign-in" "Mozilla/5.0 (Macintosh; Intel Mac OS X 10_15_7) AppleWebKit/537.36 (KHTML, like Gecko) Chrome/86.0.4240.198 Safari/537.36"
::1 - - [06/Dec/2020:15:18:58 +0000] "GET /users/sign-up HTTP/1.1" 200 2732 "http://localhost:9000/users/sign-in" "Mozilla/5.0 (Macintosh; Intel Mac OS X 10_15_7) AppleWebKit/537.36 (KHTML, like Gecko) Chrome/86.0.4240.198 Safari/537.36"
::1 - - [06/Dec/2020:15:19:20 +0000] "POST /users/create HTTP/1.1" 302 72 "http://localhost:9000/users/sign-up" "Mozilla/5.0 (Macintosh; Intel Mac OS X 10_15_7) AppleWebKit/537.36 (KHTML, like Gecko) Chrome/86.0.4240.198 Safari/537.36"
::1 - - [06/Dec/2020:15:19:20 +0000] "GET /users/sign-in HTTP/1.1" 200 3582 "http://localhost:9000/users/sign-up" "Mozilla/5.0 (Macintosh; Intel Mac OS X 10_15_7) AppleWebKit/537.36 (KHTML, like Gecko) Chrome/86.0.4240.198 Safari/537.36"
::1 - - [06/Dec/2020:15:19:28 +0000] "POST /users/create-session HTTP/1.1" 302 46 "http://localhost:9000/users/sign-in" "Mozilla/5.0 (Macintosh; Intel Mac OS X 10_15_7) AppleWebKit/537.36 (KHTML, like Gecko) Chrome/86.0.4240.198 Safari/537.36"
::1 - - [06/Dec/2020:15:19:28 +0000] "GET / HTTP/1.1" 200 5147 "http://localhost:9000/users/sign-in" "Mozilla/5.0 (Macintosh; Intel Mac OS X 10_15_7) AppleWebKit/537.36 (KHTML, like Gecko) Chrome/86.0.4240.198 Safari/537.36"
::1 - - [06/Dec/2020:15:19:35 +0000] "POST /likes/toggle/?id=5f4cf8f7d2553253b4583993&type=Post HTTP/1.1" 200 58 "http://localhost:9000/" "Mozilla/5.0 (Macintosh; Intel Mac OS X 10_15_7) AppleWebKit/537.36 (KHTML, like Gecko) Chrome/86.0.4240.198 Safari/537.36"
::1 - - [06/Dec/2020:15:19:41 +0000] "POST /comments/create HTTP/1.1" 302 46 "http://localhost:9000/" "Mozilla/5.0 (Macintosh; Intel Mac OS X 10_15_7) AppleWebKit/537.36 (KHTML, like Gecko) Chrome/86.0.4240.198 Safari/537.36"
::1 - - [06/Dec/2020:15:19:41 +0000] "GET / HTTP/1.1" 200 6116 "http://localhost:9000/" "Mozilla/5.0 (Macintosh; Intel Mac OS X 10_15_7) AppleWebKit/537.36 (KHTML, like Gecko) Chrome/86.0.4240.198 Safari/537.36"
::1 - - [06/Dec/2020:15:21:24 +0000] "GET /users/log-out HTTP/1.1" 302 46 "http://localhost:9000/" "Mozilla/5.0 (Macintosh; Intel Mac OS X 10_15_7) AppleWebKit/537.36 (KHTML, like Gecko) Chrome/86.0.4240.198 Safari/537.36"
::1 - - [06/Dec/2020:15:21:24 +0000] "GET / HTTP/1.1" 200 4591 "http://localhost:9000/" "Mozilla/5.0 (Macintosh; Intel Mac OS X 10_15_7) AppleWebKit/537.36 (KHTML, like Gecko) Chrome/86.0.4240.198 Safari/537.36"
::1 - - [06/Dec/2020:15:21:29 +0000] "GET /users/sign-in HTTP/1.1" 304 - "http://localhost:9000/" "Mozilla/5.0 (Macintosh; Intel Mac OS X 10_15_7) AppleWebKit/537.36 (KHTML, like Gecko) Chrome/86.0.4240.198 Safari/537.36"
::1 - - [06/Dec/2020:15:21:48 +0000] "POST /users/create-session HTTP/1.1" 302 46 "http://localhost:9000/users/sign-in" "Mozilla/5.0 (Macintosh; Intel Mac OS X 10_15_7) AppleWebKit/537.36 (KHTML, like Gecko) Chrome/86.0.4240.198 Safari/537.36"
::1 - - [06/Dec/2020:15:21:48 +0000] "GET / HTTP/1.1" 200 6332 "http://localhost:9000/users/sign-in" "Mozilla/5.0 (Macintosh; Intel Mac OS X 10_15_7) AppleWebKit/537.36 (KHTML, like Gecko) Chrome/86.0.4240.198 Safari/537.36"
::1 - - [06/Dec/2020:15:22:05 +0000] "POST /comments/create HTTP/1.1" 302 46 "http://localhost:9000/" "Mozilla/5.0 (Macintosh; Intel Mac OS X 10_15_7) AppleWebKit/537.36 (KHTML, like Gecko) Chrome/86.0.4240.198 Safari/537.36"
::1 - - [06/Dec/2020:15:22:05 +0000] "GET / HTTP/1.1" 200 7385 "http://localhost:9000/" "Mozilla/5.0 (Macintosh; Intel Mac OS X 10_15_7) AppleWebKit/537.36 (KHTML, like Gecko) Chrome/86.0.4240.198 Safari/537.36"
::1 - - [06/Dec/2020:15:23:28 +0000] "POST /comments/create HTTP/1.1" 302 46 "http://localhost:9000/" "Mozilla/5.0 (Macintosh; Intel Mac OS X 10_15_7) AppleWebKit/537.36 (KHTML, like Gecko) Chrome/86.0.4240.198 Safari/537.36"
::1 - - [06/Dec/2020:15:23:28 +0000] "GET / HTTP/1.1" 200 8441 "http://localhost:9000/" "Mozilla/5.0 (Macintosh; Intel Mac OS X 10_15_7) AppleWebKit/537.36 (KHTML, like Gecko) Chrome/86.0.4240.198 Safari/537.36"
::1 - - [06/Dec/2020:15:23:33 +0000] "POST /likes/toggle/?id=5fccf770f874c60b80ae867a&type=Comment HTTP/1.1" 200 58 "http://localhost:9000/" "Mozilla/5.0 (Macintosh; Intel Mac OS X 10_15_7) AppleWebKit/537.36 (KHTML, like Gecko) Chrome/86.0.4240.198 Safari/537.36"
::1 - - [06/Dec/2020:15:45:29 +0000] "POST /comments/create HTTP/1.1" 302 46 "http://localhost:9000/" "Mozilla/5.0 (Macintosh; Intel Mac OS X 10_15_7) AppleWebKit/537.36 (KHTML, like Gecko) Chrome/86.0.4240.198 Safari/537.36"
::1 - - [06/Dec/2020:15:45:29 +0000] "GET / HTTP/1.1" 200 9525 "http://localhost:9000/" "Mozilla/5.0 (Macintosh; Intel Mac OS X 10_15_7) AppleWebKit/537.36 (KHTML, like Gecko) Chrome/86.0.4240.198 Safari/537.36"
::1 - - [06/Dec/2020:15:47:05 +0000] "POST /comments/create HTTP/1.1" 302 46 "http://localhost:9000/" "Mozilla/5.0 (Macintosh; Intel Mac OS X 10_15_7) AppleWebKit/537.36 (KHTML, like Gecko) Chrome/86.0.4240.198 Safari/537.36"
::1 - - [06/Dec/2020:15:47:05 +0000] "GET / HTTP/1.1" 200 10581 "http://localhost:9000/" "Mozilla/5.0 (Macintosh; Intel Mac OS X 10_15_7) AppleWebKit/537.36 (KHTML, like Gecko) Chrome/86.0.4240.198 Safari/537.36"
::1 - - [06/Dec/2020:15:47:38 +0000] "GET /comments/destroy/5fccfcf9f874c60b80ae867e HTTP/1.1" 302 88 "http://localhost:9000/" "Mozilla/5.0 (Macintosh; Intel Mac OS X 10_15_7) AppleWebKit/537.36 (KHTML, like Gecko) Chrome/86.0.4240.198 Safari/537.36"
::1 - - [06/Dec/2020:15:47:38 +0000] "GET / HTTP/1.1" 200 9523 "http://localhost:9000/" "Mozilla/5.0 (Macintosh; Intel Mac OS X 10_15_7) AppleWebKit/537.36 (KHTML, like Gecko) Chrome/86.0.4240.198 Safari/537.36"
::1 - - [06/Dec/2020:15:47:40 +0000] "GET /comments/destroy/5fccf68da7a2000ad7ade91e HTTP/1.1" 302 88 "http://localhost:9000/" "Mozilla/5.0 (Macintosh; Intel Mac OS X 10_15_7) AppleWebKit/537.36 (KHTML, like Gecko) Chrome/86.0.4240.198 Safari/537.36"
::1 - - [06/Dec/2020:15:47:40 +0000] "GET / HTTP/1.1" 200 9517 "http://localhost:9000/" "Mozilla/5.0 (Macintosh; Intel Mac OS X 10_15_7) AppleWebKit/537.36 (KHTML, like Gecko) Chrome/86.0.4240.198 Safari/537.36"
::1 - - [06/Dec/2020:15:47:41 +0000] "GET /comments/destroy/5fccf68da7a2000ad7ade91e HTTP/1.1" 302 88 "http://localhost:9000/" "Mozilla/5.0 (Macintosh; Intel Mac OS X 10_15_7) AppleWebKit/537.36 (KHTML, like Gecko) Chrome/86.0.4240.198 Safari/537.36"
::1 - - [06/Dec/2020:15:47:41 +0000] "GET / HTTP/1.1" 304 - "http://localhost:9000/" "Mozilla/5.0 (Macintosh; Intel Mac OS X 10_15_7) AppleWebKit/537.36 (KHTML, like Gecko) Chrome/86.0.4240.198 Safari/537.36"
::1 - - [06/Dec/2020:15:47:43 +0000] "GET /comments/destroy/5fccf68da7a2000ad7ade91e HTTP/1.1" 302 88 "http://localhost:9000/" "Mozilla/5.0 (Macintosh; Intel Mac OS X 10_15_7) AppleWebKit/537.36 (KHTML, like Gecko) Chrome/86.0.4240.198 Safari/537.36"
::1 - - [06/Dec/2020:15:47:43 +0000] "GET / HTTP/1.1" 304 - "http://localhost:9000/" "Mozilla/5.0 (Macintosh; Intel Mac OS X 10_15_7) AppleWebKit/537.36 (KHTML, like Gecko) Chrome/86.0.4240.198 Safari/537.36"
::1 - - [06/Dec/2020:15:47:43 +0000] "GET /comments/destroy/5fccf68da7a2000ad7ade91e HTTP/1.1" 302 88 "http://localhost:9000/" "Mozilla/5.0 (Macintosh; Intel Mac OS X 10_15_7) AppleWebKit/537.36 (KHTML, like Gecko) Chrome/86.0.4240.198 Safari/537.36"
::1 - - [06/Dec/2020:15:47:43 +0000] "GET / HTTP/1.1" 304 - "http://localhost:9000/" "Mozilla/5.0 (Macintosh; Intel Mac OS X 10_15_7) AppleWebKit/537.36 (KHTML, like Gecko) Chrome/86.0.4240.198 Safari/537.36"
::1 - - [06/Dec/2020:15:47:44 +0000] "GET /comments/destroy/5fccf68da7a2000ad7ade91e HTTP/1.1" 302 88 "http://localhost:9000/" "Mozilla/5.0 (Macintosh; Intel Mac OS X 10_15_7) AppleWebKit/537.36 (KHTML, like Gecko) Chrome/86.0.4240.198 Safari/537.36"
::1 - - [06/Dec/2020:15:47:44 +0000] "GET / HTTP/1.1" 304 - "http://localhost:9000/" "Mozilla/5.0 (Macintosh; Intel Mac OS X 10_15_7) AppleWebKit/537.36 (KHTML, like Gecko) Chrome/86.0.4240.198 Safari/537.36"
::1 - - [06/Dec/2020:15:47:45 +0000] "GET /comments/destroy/5fccf68da7a2000ad7ade91e HTTP/1.1" 302 88 "http://localhost:9000/" "Mozilla/5.0 (Macintosh; Intel Mac OS X 10_15_7) AppleWebKit/537.36 (KHTML, like Gecko) Chrome/86.0.4240.198 Safari/537.36"
::1 - - [06/Dec/2020:15:47:45 +0000] "GET / HTTP/1.1" 304 - "http://localhost:9000/" "Mozilla/5.0 (Macintosh; Intel Mac OS X 10_15_7) AppleWebKit/537.36 (KHTML, like Gecko) Chrome/86.0.4240.198 Safari/537.36"
::1 - - [06/Dec/2020:15:47:45 +0000] "GET /comments/destroy/5fccf68da7a2000ad7ade91e HTTP/1.1" 302 88 "http://localhost:9000/" "Mozilla/5.0 (Macintosh; Intel Mac OS X 10_15_7) AppleWebKit/537.36 (KHTML, like Gecko) Chrome/86.0.4240.198 Safari/537.36"
::1 - - [06/Dec/2020:15:47:45 +0000] "GET / HTTP/1.1" 304 - "http://localhost:9000/" "Mozilla/5.0 (Macintosh; Intel Mac OS X 10_15_7) AppleWebKit/537.36 (KHTML, like Gecko) Chrome/86.0.4240.198 Safari/537.36"
::1 - - [06/Dec/2020:15:47:46 +0000] "GET /comments/destroy/5fccf68da7a2000ad7ade91e HTTP/1.1" 302 88 "http://localhost:9000/" "Mozilla/5.0 (Macintosh; Intel Mac OS X 10_15_7) AppleWebKit/537.36 (KHTML, like Gecko) Chrome/86.0.4240.198 Safari/537.36"
::1 - - [06/Dec/2020:15:47:46 +0000] "GET / HTTP/1.1" 304 - "http://localhost:9000/" "Mozilla/5.0 (Macintosh; Intel Mac OS X 10_15_7) AppleWebKit/537.36 (KHTML, like Gecko) Chrome/86.0.4240.198 Safari/537.36"
::1 - - [06/Dec/2020:15:47:49 +0000] "GET /comments/destroy/5fccfc99f874c60b80ae867d HTTP/1.1" 302 88 "http://localhost:9000/" "Mozilla/5.0 (Macintosh; Intel Mac OS X 10_15_7) AppleWebKit/537.36 (KHTML, like Gecko) Chrome/86.0.4240.198 Safari/537.36"
::1 - - [06/Dec/2020:15:47:49 +0000] "GET / HTTP/1.1" 200 8465 "http://localhost:9000/" "Mozilla/5.0 (Macintosh; Intel Mac OS X 10_15_7) AppleWebKit/537.36 (KHTML, like Gecko) Chrome/86.0.4240.198 Safari/537.36"
::1 - - [06/Dec/2020:15:47:52 +0000] "GET /comments/destroy/5fccf770f874c60b80ae867a HTTP/1.1" 302 88 "http://localhost:9000/" "Mozilla/5.0 (Macintosh; Intel Mac OS X 10_15_7) AppleWebKit/537.36 (KHTML, like Gecko) Chrome/86.0.4240.198 Safari/537.36"
::1 - - [06/Dec/2020:15:47:52 +0000] "GET / HTTP/1.1" 200 7383 "http://localhost:9000/" "Mozilla/5.0 (Macintosh; Intel Mac OS X 10_15_7) AppleWebKit/537.36 (KHTML, like Gecko) Chrome/86.0.4240.198 Safari/537.36"
::1 - - [06/Dec/2020:15:47:54 +0000] "GET /comments/destroy/5fccf71da7a2000ad7ade91f HTTP/1.1" 302 88 "http://localhost:9000/" "Mozilla/5.0 (Macintosh; Intel Mac OS X 10_15_7) AppleWebKit/537.36 (KHTML, like Gecko) Chrome/86.0.4240.198 Safari/537.36"
::1 - - [06/Dec/2020:15:47:54 +0000] "GET / HTTP/1.1" 200 6327 "http://localhost:9000/" "Mozilla/5.0 (Macintosh; Intel Mac OS X 10_15_7) AppleWebKit/537.36 (KHTML, like Gecko) Chrome/86.0.4240.198 Safari/537.36"
::1 - - [06/Dec/2020:15:48:01 +0000] "POST /posts/create HTTP/1.1" 200 240 "http://localhost:9000/" "Mozilla/5.0 (Macintosh; Intel Mac OS X 10_15_7) AppleWebKit/537.36 (KHTML, like Gecko) Chrome/86.0.4240.198 Safari/537.36"
::1 - - [06/Dec/2020:15:48:15 +0000] "POST /comments/create HTTP/1.1" 302 46 "http://localhost:9000/" "Mozilla/5.0 (Macintosh; Intel Mac OS X 10_15_7) AppleWebKit/537.36 (KHTML, like Gecko) Chrome/86.0.4240.198 Safari/537.36"
::1 - - [06/Dec/2020:15:48:15 +0000] "GET / HTTP/1.1" 200 8582 "http://localhost:9000/" "Mozilla/5.0 (Macintosh; Intel Mac OS X 10_15_7) AppleWebKit/537.36 (KHTML, like Gecko) Chrome/86.0.4240.198 Safari/537.36"
::1 - - [06/Dec/2020:15:50:05 +0000] "POST /comments/create HTTP/1.1" 302 46 "http://localhost:9000/" "Mozilla/5.0 (Macintosh; Intel Mac OS X 10_15_7) AppleWebKit/537.36 (KHTML, like Gecko) Chrome/86.0.4240.198 Safari/537.36"
::1 - - [06/Dec/2020:15:50:06 +0000] "GET / HTTP/1.1" 200 9644 "http://localhost:9000/" "Mozilla/5.0 (Macintosh; Intel Mac OS X 10_15_7) AppleWebKit/537.36 (KHTML, like Gecko) Chrome/86.0.4240.198 Safari/537.36"
::1 - - [06/Dec/2020:15:50:46 +0000] "POST /comments/create HTTP/1.1" 302 46 "http://localhost:9000/" "Mozilla/5.0 (Macintosh; Intel Mac OS X 10_15_7) AppleWebKit/537.36 (KHTML, like Gecko) Chrome/86.0.4240.198 Safari/537.36"
::1 - - [06/Dec/2020:15:50:46 +0000] "GET / HTTP/1.1" 200 10696 "http://localhost:9000/" "Mozilla/5.0 (Macintosh; Intel Mac OS X 10_15_7) AppleWebKit/537.36 (KHTML, like Gecko) Chrome/86.0.4240.198 Safari/537.36"
::1 - - [06/Dec/2020:15:51:05 +0000] "POST /comments/create HTTP/1.1" 302 46 "http://localhost:9000/" "Mozilla/5.0 (Macintosh; Intel Mac OS X 10_15_7) AppleWebKit/537.36 (KHTML, like Gecko) Chrome/86.0.4240.198 Safari/537.36"
::1 - - [06/Dec/2020:15:51:05 +0000] "GET / HTTP/1.1" 200 11892 "http://localhost:9000/" "Mozilla/5.0 (Macintosh; Intel Mac OS X 10_15_7) AppleWebKit/537.36 (KHTML, like Gecko) Chrome/86.0.4240.198 Safari/537.36"
::1 - - [06/Dec/2020:15:51:19 +0000] "POST /comments/create HTTP/1.1" 302 46 "http://localhost:9000/" "Mozilla/5.0 (Macintosh; Intel Mac OS X 10_15_7) AppleWebKit/537.36 (KHTML, like Gecko) Chrome/86.0.4240.198 Safari/537.36"
::1 - - [06/Dec/2020:15:51:19 +0000] "GET / HTTP/1.1" 200 12964 "http://localhost:9000/" "Mozilla/5.0 (Macintosh; Intel Mac OS X 10_15_7) AppleWebKit/537.36 (KHTML, like Gecko) Chrome/86.0.4240.198 Safari/537.36"
::1 - - [06/Dec/2020:15:51:28 +0000] "POST /comments/create HTTP/1.1" 302 46 "http://localhost:9000/" "Mozilla/5.0 (Macintosh; Intel Mac OS X 10_15_7) AppleWebKit/537.36 (KHTML, like Gecko) Chrome/86.0.4240.198 Safari/537.36"
::1 - - [06/Dec/2020:15:51:28 +0000] "GET / HTTP/1.1" 200 14024 "http://localhost:9000/" "Mozilla/5.0 (Macintosh; Intel Mac OS X 10_15_7) AppleWebKit/537.36 (KHTML, like Gecko) Chrome/86.0.4240.198 Safari/537.36"
::1 - - [06/Dec/2020:15:52:48 +0000] "GET / HTTP/1.1" 200 13598 "http://localhost:9000/" "Mozilla/5.0 (Macintosh; Intel Mac OS X 10_15_7) AppleWebKit/537.36 (KHTML, like Gecko) Chrome/86.0.4240.198 Safari/537.36"
::1 - - [06/Dec/2020:15:53:49 +0000] "GET / HTTP/1.1" 200 13752 "http://localhost:9000/" "Mozilla/5.0 (Macintosh; Intel Mac OS X 10_15_7) AppleWebKit/537.36 (KHTML, like Gecko) Chrome/86.0.4240.198 Safari/537.36"
::1 - - [06/Dec/2020:15:54:08 +0000] "GET / HTTP/1.1" 200 13584 "http://localhost:9000/" "Mozilla/5.0 (Macintosh; Intel Mac OS X 10_15_7) AppleWebKit/537.36 (KHTML, like Gecko) Chrome/86.0.4240.198 Safari/537.36"
::1 - - [06/Dec/2020:15:54:46 +0000] "GET / HTTP/1.1" 304 - "http://localhost:9000/" "Mozilla/5.0 (Macintosh; Intel Mac OS X 10_15_7) AppleWebKit/537.36 (KHTML, like Gecko) Chrome/86.0.4240.198 Safari/537.36"
::1 - - [06/Dec/2020:15:54:49 +0000] "GET / HTTP/1.1" 304 - "http://localhost:9000/" "Mozilla/5.0 (Macintosh; Intel Mac OS X 10_15_7) AppleWebKit/537.36 (KHTML, like Gecko) Chrome/86.0.4240.198 Safari/537.36"
::1 - - [06/Dec/2020:15:55:27 +0000] "GET / HTTP/1.1" 200 8362 "http://localhost:9000/" "Mozilla/5.0 (Macintosh; Intel Mac OS X 10_15_7) AppleWebKit/537.36 (KHTML, like Gecko) Chrome/86.0.4240.198 Safari/537.36"
::1 - - [06/Dec/2020:15:55:55 +0000] "GET / HTTP/1.1" 200 13605 "http://localhost:9000/" "Mozilla/5.0 (Macintosh; Intel Mac OS X 10_15_7) AppleWebKit/537.36 (KHTML, like Gecko) Chrome/86.0.4240.198 Safari/537.36"
::1 - - [06/Dec/2020:15:56:41 +0000] "GET / HTTP/1.1" 200 12072 "http://localhost:9000/" "Mozilla/5.0 (Macintosh; Intel Mac OS X 10_15_7) AppleWebKit/537.36 (KHTML, like Gecko) Chrome/86.0.4240.198 Safari/537.36"
::1 - - [06/Dec/2020:15:56:52 +0000] "GET / HTTP/1.1" 200 11883 "http://localhost:9000/" "Mozilla/5.0 (Macintosh; Intel Mac OS X 10_15_7) AppleWebKit/537.36 (KHTML, like Gecko) Chrome/86.0.4240.198 Safari/537.36"
::1 - - [06/Dec/2020:15:57:11 +0000] "GET / HTTP/1.1" 200 13584 "http://localhost:9000/" "Mozilla/5.0 (Macintosh; Intel Mac OS X 10_15_7) AppleWebKit/537.36 (KHTML, like Gecko) Chrome/86.0.4240.198 Safari/537.36"
::1 - - [06/Dec/2020:15:58:05 +0000] "GET / HTTP/1.1" 200 12051 "http://localhost:9000/" "Mozilla/5.0 (Macintosh; Intel Mac OS X 10_15_7) AppleWebKit/537.36 (KHTML, like Gecko) Chrome/86.0.4240.198 Safari/537.36"
::1 - - [06/Dec/2020:15:58:13 +0000] "GET / HTTP/1.1" 200 11883 "http://localhost:9000/" "Mozilla/5.0 (Macintosh; Intel Mac OS X 10_15_7) AppleWebKit/537.36 (KHTML, like Gecko) Chrome/86.0.4240.198 Safari/537.36"
::1 - - [06/Dec/2020:15:59:59 +0000] "GET / HTTP/1.1" 304 - "http://localhost:9000/" "Mozilla/5.0 (Macintosh; Intel Mac OS X 10_15_7) AppleWebKit/537.36 (KHTML, like Gecko) Chrome/86.0.4240.198 Safari/537.36"
::1 - - [06/Dec/2020:16:00:29 +0000] "GET / HTTP/1.1" 200 12051 "http://localhost:9000/" "Mozilla/5.0 (Macintosh; Intel Mac OS X 10_15_7) AppleWebKit/537.36 (KHTML, like Gecko) Chrome/86.0.4240.198 Safari/537.36"
::1 - - [06/Dec/2020:16:04:00 +0000] "GET / HTTP/1.1" 304 - "http://localhost:9000/" "Mozilla/5.0 (Macintosh; Intel Mac OS X 10_15_7) AppleWebKit/537.36 (KHTML, like Gecko) Chrome/86.0.4240.198 Safari/537.36"
::1 - - [06/Dec/2020:16:04:25 +0000] "GET /comments/destroy/5fccfe00422b0d0cac41750d HTTP/1.1" 302 88 "http://localhost:9000/" "Mozilla/5.0 (Macintosh; Intel Mac OS X 10_15_7) AppleWebKit/537.36 (KHTML, like Gecko) Chrome/86.0.4240.198 Safari/537.36"
::1 - - [06/Dec/2020:16:04:25 +0000] "GET / HTTP/1.1" 200 11483 "http://localhost:9000/" "Mozilla/5.0 (Macintosh; Intel Mac OS X 10_15_7) AppleWebKit/537.36 (KHTML, like Gecko) Chrome/86.0.4240.198 Safari/537.36"
::1 - - [06/Dec/2020:16:04:27 +0000] "GET /comments/destroy/5fccfdad422b0d0cac417509 HTTP/1.1" 302 88 "http://localhost:9000/" "Mozilla/5.0 (Macintosh; Intel Mac OS X 10_15_7) AppleWebKit/537.36 (KHTML, like Gecko) Chrome/86.0.4240.198 Safari/537.36"
::1 - - [06/Dec/2020:16:04:27 +0000] "GET / HTTP/1.1" 200 10656 "http://localhost:9000/" "Mozilla/5.0 (Macintosh; Intel Mac OS X 10_15_7) AppleWebKit/537.36 (KHTML, like Gecko) Chrome/86.0.4240.198 Safari/537.36"
::1 - - [06/Dec/2020:16:04:29 +0000] "GET /comments/destroy/5fccfdd6422b0d0cac41750a HTTP/1.1" 302 88 "http://localhost:9000/" "Mozilla/5.0 (Macintosh; Intel Mac OS X 10_15_7) AppleWebKit/537.36 (KHTML, like Gecko) Chrome/86.0.4240.198 Safari/537.36"
::1 - - [06/Dec/2020:16:04:29 +0000] "GET / HTTP/1.1" 200 9834 "http://localhost:9000/" "Mozilla/5.0 (Macintosh; Intel Mac OS X 10_15_7) AppleWebKit/537.36 (KHTML, like Gecko) Chrome/86.0.4240.198 Safari/537.36"
::1 - - [06/Dec/2020:16:04:31 +0000] "GET /comments/destroy/5fccfdf7422b0d0cac41750c HTTP/1.1" 302 88 "http://localhost:9000/" "Mozilla/5.0 (Macintosh; Intel Mac OS X 10_15_7) AppleWebKit/537.36 (KHTML, like Gecko) Chrome/86.0.4240.198 Safari/537.36"
::1 - - [06/Dec/2020:16:04:31 +0000] "GET / HTTP/1.1" 200 9002 "http://localhost:9000/" "Mozilla/5.0 (Macintosh; Intel Mac OS X 10_15_7) AppleWebKit/537.36 (KHTML, like Gecko) Chrome/86.0.4240.198 Safari/537.36"
::1 - - [06/Dec/2020:16:04:34 +0000] "GET /comments/destroy/5fccfde9422b0d0cac41750b HTTP/1.1" 302 88 "http://localhost:9000/" "Mozilla/5.0 (Macintosh; Intel Mac OS X 10_15_7) AppleWebKit/537.36 (KHTML, like Gecko) Chrome/86.0.4240.198 Safari/537.36"
::1 - - [06/Dec/2020:16:04:34 +0000] "GET / HTTP/1.1" 200 8108 "http://localhost:9000/" "Mozilla/5.0 (Macintosh; Intel Mac OS X 10_15_7) AppleWebKit/537.36 (KHTML, like Gecko) Chrome/86.0.4240.198 Safari/537.36"
::1 - - [06/Dec/2020:16:04:51 +0000] "GET / HTTP/1.1" 200 7850 "http://localhost:9000/" "Mozilla/5.0 (Macintosh; Intel Mac OS X 10_15_7) AppleWebKit/537.36 (KHTML, like Gecko) Chrome/86.0.4240.198 Safari/537.36"
::1 - - [06/Dec/2020:16:05:40 +0000] "GET / HTTP/1.1" 304 - "http://localhost:9000/" "Mozilla/5.0 (Macintosh; Intel Mac OS X 10_15_7) AppleWebKit/537.36 (KHTML, like Gecko) Chrome/86.0.4240.198 Safari/537.36"
::1 - - [06/Dec/2020:16:06:42 +0000] "GET / HTTP/1.1" 304 - "http://localhost:9000/" "Mozilla/5.0 (Macintosh; Intel Mac OS X 10_15_7) AppleWebKit/537.36 (KHTML, like Gecko) Chrome/86.0.4240.198 Safari/537.36"
::1 - - [06/Dec/2020:16:07:12 +0000] "GET / HTTP/1.1" 304 - "http://localhost:9000/" "Mozilla/5.0 (Macintosh; Intel Mac OS X 10_15_7) AppleWebKit/537.36 (KHTML, like Gecko) Chrome/86.0.4240.198 Safari/537.36"
::1 - - [06/Dec/2020:16:07:23 +0000] "GET / HTTP/1.1" 304 - "http://localhost:9000/" "Mozilla/5.0 (Macintosh; Intel Mac OS X 10_15_7) AppleWebKit/537.36 (KHTML, like Gecko) Chrome/86.0.4240.198 Safari/537.36"
::1 - - [06/Dec/2020:16:09:48 +0000] "GET / HTTP/1.1" 304 - "http://localhost:9000/" "Mozilla/5.0 (Macintosh; Intel Mac OS X 10_15_7) AppleWebKit/537.36 (KHTML, like Gecko) Chrome/86.0.4240.198 Safari/537.36"
::1 - - [06/Dec/2020:16:10:38 +0000] "GET / HTTP/1.1" 304 - "http://localhost:9000/" "Mozilla/5.0 (Macintosh; Intel Mac OS X 10_15_7) AppleWebKit/537.36 (KHTML, like Gecko) Chrome/86.0.4240.198 Safari/537.36"
::1 - - [06/Dec/2020:16:11:08 +0000] "GET / HTTP/1.1" 304 - "http://localhost:9000/" "Mozilla/5.0 (Macintosh; Intel Mac OS X 10_15_7) AppleWebKit/537.36 (KHTML, like Gecko) Chrome/86.0.4240.198 Safari/537.36"
::1 - - [06/Dec/2020:16:11:16 +0000] "POST /comments/create HTTP/1.1" 302 46 "http://localhost:9000/" "Mozilla/5.0 (Macintosh; Intel Mac OS X 10_15_7) AppleWebKit/537.36 (KHTML, like Gecko) Chrome/86.0.4240.198 Safari/537.36"
::1 - - [06/Dec/2020:16:11:16 +0000] "GET / HTTP/1.1" 200 8934 "http://localhost:9000/" "Mozilla/5.0 (Macintosh; Intel Mac OS X 10_15_7) AppleWebKit/537.36 (KHTML, like Gecko) Chrome/86.0.4240.198 Safari/537.36"
::1 - - [06/Dec/2020:16:11:33 +0000] "GET / HTTP/1.1" 200 8674 "http://localhost:9000/" "Mozilla/5.0 (Macintosh; Intel Mac OS X 10_15_7) AppleWebKit/537.36 (KHTML, like Gecko) Chrome/86.0.4240.198 Safari/537.36"
::1 - - [06/Dec/2020:16:11:40 +0000] "GET /comments/destroy/5fccfd3ff874c60b80ae8680 HTTP/1.1" 302 88 "http://localhost:9000/" "Mozilla/5.0 (Macintosh; Intel Mac OS X 10_15_7) AppleWebKit/537.36 (KHTML, like Gecko) Chrome/86.0.4240.198 Safari/537.36"
::1 - - [06/Dec/2020:16:11:40 +0000] "GET / HTTP/1.1" 200 8104 "http://localhost:9000/" "Mozilla/5.0 (Macintosh; Intel Mac OS X 10_15_7) AppleWebKit/537.36 (KHTML, like Gecko) Chrome/86.0.4240.198 Safari/537.36"
::1 - - [06/Dec/2020:16:11:44 +0000] "GET / HTTP/1.1" 200 7846 "http://localhost:9000/" "Mozilla/5.0 (Macintosh; Intel Mac OS X 10_15_7) AppleWebKit/537.36 (KHTML, like Gecko) Chrome/86.0.4240.198 Safari/537.36"
::1 - - [06/Dec/2020:16:11:58 +0000] "GET / HTTP/1.1" 304 - "http://localhost:9000/" "Mozilla/5.0 (Macintosh; Intel Mac OS X 10_15_7) AppleWebKit/537.36 (KHTML, like Gecko) Chrome/86.0.4240.198 Safari/537.36"
::1 - - [06/Dec/2020:16:14:25 +0000] "GET / HTTP/1.1" 304 - "http://localhost:9000/" "Mozilla/5.0 (Macintosh; Intel Mac OS X 10_15_7) AppleWebKit/537.36 (KHTML, like Gecko) Chrome/86.0.4240.198 Safari/537.36"
::1 - - [06/Dec/2020:16:14:50 +0000] "GET / HTTP/1.1" 304 - "http://localhost:9000/" "Mozilla/5.0 (Macintosh; Intel Mac OS X 10_15_7) AppleWebKit/537.36 (KHTML, like Gecko) Chrome/86.0.4240.198 Safari/537.36"
::1 - - [06/Dec/2020:16:52:07 +0000] "GET / HTTP/1.1" 304 - "-" "Mozilla/5.0 (Macintosh; Intel Mac OS X 10_15_7) AppleWebKit/537.36 (KHTML, like Gecko) Chrome/86.0.4240.198 Safari/537.36"
::1 - - [06/Dec/2020:16:52:54 +0000] "GET / HTTP/1.1" 200 7842 "-" "Mozilla/5.0 (Macintosh; Intel Mac OS X 10_15_7) AppleWebKit/537.36 (KHTML, like Gecko) Chrome/86.0.4240.198 Safari/537.36"
::1 - - [06/Dec/2020:18:38:39 +0000] "GET / HTTP/1.1" 200 2627 "-" "Mozilla/5.0 (Macintosh; Intel Mac OS X 10_15_7) AppleWebKit/537.36 (KHTML, like Gecko) Chrome/86.0.4240.198 Safari/537.36"
::1 - - [06/Dec/2020:18:38:52 +0000] "GET /users/sign-up HTTP/1.1" 304 - "http://localhost:9000/" "Mozilla/5.0 (Macintosh; Intel Mac OS X 10_15_7) AppleWebKit/537.36 (KHTML, like Gecko) Chrome/86.0.4240.198 Safari/537.36"
::1 - - [06/Dec/2020:18:39:20 +0000] "POST /users/create HTTP/1.1" 302 72 "http://localhost:9000/users/sign-up" "Mozilla/5.0 (Macintosh; Intel Mac OS X 10_15_7) AppleWebKit/537.36 (KHTML, like Gecko) Chrome/86.0.4240.198 Safari/537.36"
::1 - - [06/Dec/2020:18:39:21 +0000] "GET /users/sign-in HTTP/1.1" 304 - "http://localhost:9000/users/sign-up" "Mozilla/5.0 (Macintosh; Intel Mac OS X 10_15_7) AppleWebKit/537.36 (KHTML, like Gecko) Chrome/86.0.4240.198 Safari/537.36"
::1 - - [06/Dec/2020:18:39:28 +0000] "POST /users/create-session HTTP/1.1" 302 46 "http://localhost:9000/users/sign-in" "Mozilla/5.0 (Macintosh; Intel Mac OS X 10_15_7) AppleWebKit/537.36 (KHTML, like Gecko) Chrome/86.0.4240.198 Safari/537.36"
::1 - - [06/Dec/2020:18:39:29 +0000] "GET / HTTP/1.1" 200 3917 "http://localhost:9000/users/sign-in" "Mozilla/5.0 (Macintosh; Intel Mac OS X 10_15_7) AppleWebKit/537.36 (KHTML, like Gecko) Chrome/86.0.4240.198 Safari/537.36"
::1 - - [06/Dec/2020:18:39:35 +0000] "POST /posts/create HTTP/1.1" 200 238 "http://localhost:9000/" "Mozilla/5.0 (Macintosh; Intel Mac OS X 10_15_7) AppleWebKit/537.36 (KHTML, like Gecko) Chrome/86.0.4240.198 Safari/537.36"
::1 - - [06/Dec/2020:18:39:43 +0000] "POST /comments/create HTTP/1.1" 302 46 "http://localhost:9000/" "Mozilla/5.0 (Macintosh; Intel Mac OS X 10_15_7) AppleWebKit/537.36 (KHTML, like Gecko) Chrome/86.0.4240.198 Safari/537.36"
::1 - - [06/Dec/2020:18:39:44 +0000] "GET / HTTP/1.1" 200 5917 "http://localhost:9000/" "Mozilla/5.0 (Macintosh; Intel Mac OS X 10_15_7) AppleWebKit/537.36 (KHTML, like Gecko) Chrome/86.0.4240.198 Safari/537.36"
::1 - - [06/Dec/2020:18:45:04 +0000] "GET / HTTP/1.1" 200 2627 "http://localhost:9000/" "Mozilla/5.0 (Macintosh; Intel Mac OS X 10_15_7) AppleWebKit/537.36 (KHTML, like Gecko) Chrome/86.0.4240.198 Safari/537.36"
::1 - - [06/Dec/2020:18:45:19 +0000] "GET /users/sign-up HTTP/1.1" 304 - "http://localhost:9000/" "Mozilla/5.0 (Macintosh; Intel Mac OS X 10_15_7) AppleWebKit/537.36 (KHTML, like Gecko) Chrome/86.0.4240.198 Safari/537.36"
::1 - - [06/Dec/2020:18:45:44 +0000] "POST /users/create HTTP/1.1" 302 72 "http://localhost:9000/users/sign-up" "Mozilla/5.0 (Macintosh; Intel Mac OS X 10_15_7) AppleWebKit/537.36 (KHTML, like Gecko) Chrome/86.0.4240.198 Safari/537.36"
::1 - - [06/Dec/2020:18:45:44 +0000] "GET /users/sign-in HTTP/1.1" 304 - "http://localhost:9000/users/sign-up" "Mozilla/5.0 (Macintosh; Intel Mac OS X 10_15_7) AppleWebKit/537.36 (KHTML, like Gecko) Chrome/86.0.4240.198 Safari/537.36"
::1 - - [06/Dec/2020:18:45:50 +0000] "POST /users/create-session HTTP/1.1" 302 46 "http://localhost:9000/users/sign-in" "Mozilla/5.0 (Macintosh; Intel Mac OS X 10_15_7) AppleWebKit/537.36 (KHTML, like Gecko) Chrome/86.0.4240.198 Safari/537.36"
::1 - - [06/Dec/2020:18:45:50 +0000] "GET / HTTP/1.1" 200 2765 "http://localhost:9000/users/sign-in" "Mozilla/5.0 (Macintosh; Intel Mac OS X 10_15_7) AppleWebKit/537.36 (KHTML, like Gecko) Chrome/86.0.4240.198 Safari/537.36"
::1 - - [06/Dec/2020:18:46:08 +0000] "GET /users/sign-in HTTP/1.1" 302 72 "http://localhost:9000/" "Mozilla/5.0 (Macintosh; Intel Mac OS X 10_15_7) AppleWebKit/537.36 (KHTML, like Gecko) Chrome/86.0.4240.198 Safari/537.36"
::1 - - [06/Dec/2020:18:46:08 +0000] "GET /users/profile HTTP/1.1" 404 152 "http://localhost:9000/" "Mozilla/5.0 (Macintosh; Intel Mac OS X 10_15_7) AppleWebKit/537.36 (KHTML, like Gecko) Chrome/86.0.4240.198 Safari/537.36"
::1 - - [06/Dec/2020:18:46:15 +0000] "GET /users/sign-up HTTP/1.1" 302 72 "http://localhost:9000/" "Mozilla/5.0 (Macintosh; Intel Mac OS X 10_15_7) AppleWebKit/537.36 (KHTML, like Gecko) Chrome/86.0.4240.198 Safari/537.36"
::1 - - [06/Dec/2020:18:46:15 +0000] "GET /users/profile HTTP/1.1" 404 152 "http://localhost:9000/" "Mozilla/5.0 (Macintosh; Intel Mac OS X 10_15_7) AppleWebKit/537.36 (KHTML, like Gecko) Chrome/86.0.4240.198 Safari/537.36"
::1 - - [06/Dec/2020:18:46:21 +0000] "GET /users/profile/5fcd26d8cf45a01ec4beb0cd HTTP/1.1" 200 2322 "http://localhost:9000/" "Mozilla/5.0 (Macintosh; Intel Mac OS X 10_15_7) AppleWebKit/537.36 (KHTML, like Gecko) Chrome/86.0.4240.198 Safari/537.36"
::1 - - [06/Dec/2020:18:46:42 +0000] "POST /users/update/5fcd26d8cf45a01ec4beb0cd HTTP/1.1" 302 164 "http://localhost:9000/users/profile/5fcd26d8cf45a01ec4beb0cd" "Mozilla/5.0 (Macintosh; Intel Mac OS X 10_15_7) AppleWebKit/537.36 (KHTML, like Gecko) Chrome/86.0.4240.198 Safari/537.36"
::1 - - [06/Dec/2020:18:46:42 +0000] "GET /users/profile/5fcd26d8cf45a01ec4beb0cd HTTP/1.1" 200 2365 "http://localhost:9000/users/profile/5fcd26d8cf45a01ec4beb0cd" "Mozilla/5.0 (Macintosh; Intel Mac OS X 10_15_7) AppleWebKit/537.36 (KHTML, like Gecko) Chrome/86.0.4240.198 Safari/537.36"
::1 - - [06/Dec/2020:18:46:47 +0000] "GET / HTTP/1.1" 200 3666 "http://localhost:9000/users/profile/5fcd26d8cf45a01ec4beb0cd" "Mozilla/5.0 (Macintosh; Intel Mac OS X 10_15_7) AppleWebKit/537.36 (KHTML, like Gecko) Chrome/86.0.4240.198 Safari/537.36"
::1 - - [06/Dec/2020:18:47:17 +0000] "POST /posts/create HTTP/1.1" 200 274 "http://localhost:9000/" "Mozilla/5.0 (Macintosh; Intel Mac OS X 10_15_7) AppleWebKit/537.36 (KHTML, like Gecko) Chrome/86.0.4240.198 Safari/537.36"
::1 - - [06/Dec/2020:18:47:21 +0000] "POST /likes/toggle/?id=5fcd2735cf45a01ec4beb0ce&type=Post HTTP/1.1" 200 58 "http://localhost:9000/" "Mozilla/5.0 (Macintosh; Intel Mac OS X 10_15_7) AppleWebKit/537.36 (KHTML, like Gecko) Chrome/86.0.4240.198 Safari/537.36"
::1 - - [06/Dec/2020:18:47:28 +0000] "POST /comments/create HTTP/1.1" 302 46 "http://localhost:9000/" "Mozilla/5.0 (Macintosh; Intel Mac OS X 10_15_7) AppleWebKit/537.36 (KHTML, like Gecko) Chrome/86.0.4240.198 Safari/537.36"
::1 - - [06/Dec/2020:18:47:29 +0000] "GET / HTTP/1.1" 200 5975 "http://localhost:9000/" "Mozilla/5.0 (Macintosh; Intel Mac OS X 10_15_7) AppleWebKit/537.36 (KHTML, like Gecko) Chrome/86.0.4240.198 Safari/537.36"
::1 - - [06/Dec/2020:18:47:33 +0000] "POST /likes/toggle/?id=5fcd2740cf45a01ec4beb0d1&type=Comment HTTP/1.1" 200 58 "http://localhost:9000/" "Mozilla/5.0 (Macintosh; Intel Mac OS X 10_15_7) AppleWebKit/537.36 (KHTML, like Gecko) Chrome/86.0.4240.198 Safari/537.36"
::1 - - [06/Dec/2020:18:47:36 +0000] "GET /users/profile/5fcd26d8cf45a01ec4beb0cd HTTP/1.1" 304 - "http://localhost:9000/" "Mozilla/5.0 (Macintosh; Intel Mac OS X 10_15_7) AppleWebKit/537.36 (KHTML, like Gecko) Chrome/86.0.4240.198 Safari/537.36"
::1 - - [06/Dec/2020:18:47:45 +0000] "GET /users/log-out HTTP/1.1" 302 46 "http://localhost:9000/users/profile/5fcd26d8cf45a01ec4beb0cd" "Mozilla/5.0 (Macintosh; Intel Mac OS X 10_15_7) AppleWebKit/537.36 (KHTML, like Gecko) Chrome/86.0.4240.198 Safari/537.36"
::1 - - [06/Dec/2020:18:47:45 +0000] "GET / HTTP/1.1" 200 4237 "http://localhost:9000/users/profile/5fcd26d8cf45a01ec4beb0cd" "Mozilla/5.0 (Macintosh; Intel Mac OS X 10_15_7) AppleWebKit/537.36 (KHTML, like Gecko) Chrome/86.0.4240.198 Safari/537.36"
::1 - - [06/Dec/2020:18:47:50 +0000] "GET /users/sign-up HTTP/1.1" 200 2732 "http://localhost:9000/" "Mozilla/5.0 (Macintosh; Intel Mac OS X 10_15_7) AppleWebKit/537.36 (KHTML, like Gecko) Chrome/86.0.4240.198 Safari/537.36"
::1 - - [06/Dec/2020:18:47:53 +0000] "GET /users/auth/google HTTP/1.1" 302 0 "http://localhost:9000/users/sign-up" "Mozilla/5.0 (Macintosh; Intel Mac OS X 10_15_7) AppleWebKit/537.36 (KHTML, like Gecko) Chrome/86.0.4240.198 Safari/537.36"
::1 - - [06/Dec/2020:18:54:47 +0000] "GET /users/sign-up HTTP/1.1" 304 - "http://localhost:9000/" "Mozilla/5.0 (Macintosh; Intel Mac OS X 10_15_7) AppleWebKit/537.36 (KHTML, like Gecko) Chrome/86.0.4240.198 Safari/537.36"
::1 - - [06/Dec/2020:18:54:50 +0000] "GET /users/auth/google HTTP/1.1" 302 0 "http://localhost:9000/users/sign-up" "Mozilla/5.0 (Macintosh; Intel Mac OS X 10_15_7) AppleWebKit/537.36 (KHTML, like Gecko) Chrome/86.0.4240.198 Safari/537.36"
::1 - - [06/Dec/2020:18:58:43 +0000] "GET /users/sign-in HTTP/1.1" 200 3591 "http://localhost:9000/users/sign-up" "Mozilla/5.0 (Macintosh; Intel Mac OS X 10_15_7) AppleWebKit/537.36 (KHTML, like Gecko) Chrome/86.0.4240.198 Safari/537.36"
::1 - - [06/Dec/2020:18:58:47 +0000] "GET /users/sign-in HTTP/1.1" 304 - "http://localhost:9000/users/sign-up" "Mozilla/5.0 (Macintosh; Intel Mac OS X 10_15_7) AppleWebKit/537.36 (KHTML, like Gecko) Chrome/86.0.4240.198 Safari/537.36"
::1 - - [06/Dec/2020:18:59:09 +0000] "GET /users/sign-in HTTP/1.1" 304 - "http://localhost:9000/users/sign-up" "Mozilla/5.0 (Macintosh; Intel Mac OS X 10_15_7) AppleWebKit/537.36 (KHTML, like Gecko) Chrome/86.0.4240.198 Safari/537.36"
::1 - - [06/Dec/2020:18:59:13 +0000] "GET /users/sign-in HTTP/1.1" 304 - "http://localhost:9000/users/sign-up" "Mozilla/5.0 (Macintosh; Intel Mac OS X 10_15_7) AppleWebKit/537.36 (KHTML, like Gecko) Chrome/86.0.4240.198 Safari/537.36"
::1 - - [06/Dec/2020:18:59:46 +0000] "GET /users/sign-up HTTP/1.1" 200 2741 "http://localhost:9000/users/sign-in" "Mozilla/5.0 (Macintosh; Intel Mac OS X 10_15_7) AppleWebKit/537.36 (KHTML, like Gecko) Chrome/86.0.4240.198 Safari/537.36"
::1 - - [06/Dec/2020:18:59:50 +0000] "GET /users/sign-in HTTP/1.1" 304 - "http://localhost:9000/users/sign-up" "Mozilla/5.0 (Macintosh; Intel Mac OS X 10_15_7) AppleWebKit/537.36 (KHTML, like Gecko) Chrome/86.0.4240.198 Safari/537.36"
::1 - - [06/Dec/2020:19:00:03 +0000] "GET /users/reset-password HTTP/1.1" 200 1961 "http://localhost:9000/users/sign-in" "Mozilla/5.0 (Macintosh; Intel Mac OS X 10_15_7) AppleWebKit/537.36 (KHTML, like Gecko) Chrome/86.0.4240.198 Safari/537.36"
::1 - - [06/Dec/2020:19:00:15 +0000] "POST /users/generate-token HTTP/1.1" 302 72 "http://localhost:9000/users/reset-password" "Mozilla/5.0 (Macintosh; Intel Mac OS X 10_15_7) AppleWebKit/537.36 (KHTML, like Gecko) Chrome/86.0.4240.198 Safari/537.36"
::1 - - [06/Dec/2020:19:00:15 +0000] "GET /users/sign-in HTTP/1.1" 304 - "http://localhost:9000/users/reset-password" "Mozilla/5.0 (Macintosh; Intel Mac OS X 10_15_7) AppleWebKit/537.36 (KHTML, like Gecko) Chrome/86.0.4240.198 Safari/537.36"
::1 - - [06/Dec/2020:19:00:59 +0000] "GET /users/sign-in HTTP/1.1" 304 - "http://localhost:9000/users/reset-password" "Mozilla/5.0 (Macintosh; Intel Mac OS X 10_15_7) AppleWebKit/537.36 (KHTML, like Gecko) Chrome/86.0.4240.198 Safari/537.36"
::1 - - [06/Dec/2020:19:01:17 +0000] "GET /users/sign-up HTTP/1.1" 304 - "http://localhost:9000/users/sign-in" "Mozilla/5.0 (Macintosh; Intel Mac OS X 10_15_7) AppleWebKit/537.36 (KHTML, like Gecko) Chrome/86.0.4240.198 Safari/537.36"
